# JRE version: OpenJDK Runtime Environment Temurin-17.0.15+6 (17.0.15+6) (build 17.0.15+6)
# Java VM: OpenJDK 64-Bit Server VM Temurin-17.0.15+6 (17.0.15+6, mixed mode, sharing, tiered, compressed oops, compressed class ptrs, g1 gc, windows-amd64)
GC Precious Log:
 CPUs: 8 total, 8 available
 Memory: 16228M
 Large Page Support: Disabled
 NUMA Support: Disabled
 Compressed Oops: Enabled (Zero based)
 Heap Region Size: 2M
 Heap Min Capacity: 8M
 Heap Initial Capacity: 254M
 Heap Max Capacity: 4G
 Pre-touch: Disabled
 Parallel Workers: 8
 Concurrent Workers: 2
 Concurrent Refinement Workers: 8
 Periodic GC: Disabled
Heap:
 garbage-first heap   total 274432K, used 190819K [0x0000000700000000, 0x0000000800000000)
  region size 2048K, 11 young (22528K), 4 survivors (8192K)
 Metaspace       used 131383K, committed 132480K, reserved 983040K
  class space    used 18000K, committed 18496K, reserved 851968K
GC Heap History (20 events):
Event: 23.401 GC heap before
{Heap before GC invocations=45 (full 0):
 garbage-first heap   total 215040K, used 178365K [0x0000000700000000, 0x0000000800000000)
  region size 2048K, 29 young (59392K), 5 survivors (10240K)
 Metaspace       used 102961K, committed 103872K, reserved 983040K
  class space    used 14350K, committed 14784K, reserved 851968K
}
Event: 23.413 GC heap after
{Heap after GC invocations=46 (full 0):
 garbage-first heap   total 215040K, used 137511K [0x0000000700000000, 0x0000000800000000)
  region size 2048K, 4 young (8192K), 4 survivors (8192K)
 Metaspace       used 102961K, committed 103872K, reserved 983040K
  class space    used 14350K, committed 14784K, reserved 851968K
}
Event: 24.094 GC heap before
{Heap before GC invocations=46 (full 0):
 garbage-first heap   total 215040K, used 178471K [0x0000000700000000, 0x0000000800000000)
  region size 2048K, 24 young (49152K), 4 survivors (8192K)
 Metaspace       used 106566K, committed 107584K, reserved 983040K
  class space    used 14879K, committed 15360K, reserved 851968K
}
Event: 24.104 GC heap after
{Heap after GC invocations=47 (full 0):
 garbage-first heap   total 258048K, used 140014K [0x0000000700000000, 0x0000000800000000)
  region size 2048K, 2 young (4096K), 2 survivors (4096K)
 Metaspace       used 106566K, committed 107584K, reserved 983040K
  class space    used 14879K, committed 15360K, reserved 851968K
}
Event: 25.104 GC heap before
{Heap before GC invocations=47 (full 0):
 garbage-first heap   total 258048K, used 205550K [0x0000000700000000, 0x0000000800000000)
  region size 2048K, 34 young (69632K), 2 survivors (4096K)
 Metaspace       used 110143K, committed 111232K, reserved 983040K
  class space    used 15306K, committed 15808K, reserved 851968K
}
Event: 25.112 GC heap after
{Heap after GC invocations=48 (full 0):
 garbage-first heap   total 258048K, used 145384K [0x0000000700000000, 0x0000000800000000)
  region size 2048K, 4 young (8192K), 4 survivors (8192K)
 Metaspace       used 110143K, committed 111232K, reserved 983040K
  class space    used 15306K, committed 15808K, reserved 851968K
}
Event: 25.464 GC heap before
{Heap before GC invocations=48 (full 0):
 garbage-first heap   total 258048K, used 174056K [0x0000000700000000, 0x0000000800000000)
  region size 2048K, 20 young (40960K), 4 survivors (8192K)
 Metaspace       used 112360K, committed 113408K, reserved 983040K
  class space    used 15545K, committed 16064K, reserved 851968K
}
Event: 25.477 GC heap after
{Heap after GC invocations=49 (full 0):
 garbage-first heap   total 258048K, used 148280K [0x0000000700000000, 0x0000000800000000)
  region size 2048K, 2 young (4096K), 2 survivors (4096K)
 Metaspace       used 112360K, committed 113408K, reserved 983040K
  class space    used 15545K, committed 16064K, reserved 851968K
}
Event: 26.714 GC heap before
{Heap before GC invocations=50 (full 0):
 garbage-first heap   total 264192K, used 209720K [0x0000000700000000, 0x0000000800000000)
  region size 2048K, 33 young (67584K), 2 survivors (4096K)
 Metaspace       used 115623K, committed 116672K, reserved 983040K
  class space    used 16019K, committed 16512K, reserved 851968K
}
Event: 26.723 GC heap after
{Heap after GC invocations=51 (full 0):
 garbage-first heap   total 264192K, used 149897K [0x0000000700000000, 0x0000000800000000)
  region size 2048K, 3 young (6144K), 3 survivors (6144K)
 Metaspace       used 115623K, committed 116672K, reserved 983040K
  class space    used 16019K, committed 16512K, reserved 851968K
}
Event: 26.825 GC heap before
{Heap before GC invocations=51 (full 0):
 garbage-first heap   total 264192K, used 156041K [0x0000000700000000, 0x0000000800000000)
  region size 2048K, 6 young (12288K), 3 survivors (6144K)
 Metaspace       used 116250K, committed 117376K, reserved 983040K
  class space    used 16115K, committed 16640K, reserved 851968K
}
Event: 26.832 GC heap after
{Heap after GC invocations=52 (full 0):
 garbage-first heap   total 264192K, used 148827K [0x0000000700000000, 0x0000000800000000)
  region size 2048K, 1 young (2048K), 1 survivors (2048K)
 Metaspace       used 116250K, committed 117376K, reserved 983040K
  class space    used 16115K, committed 16640K, reserved 851968K
}
Event: 29.348 GC heap before
{Heap before GC invocations=52 (full 0):
 garbage-first heap   total 264192K, used 222555K [0x0000000700000000, 0x0000000800000000)
  region size 2048K, 34 young (69632K), 1 survivors (2048K)
 Metaspace       used 125916K, committed 127104K, reserved 983040K
  class space    used 17302K, committed 17856K, reserved 851968K
}
Event: 29.359 GC heap after
{Heap after GC invocations=53 (full 0):
 garbage-first heap   total 264192K, used 161075K [0x0000000700000000, 0x0000000800000000)
  region size 2048K, 5 young (10240K), 5 survivors (10240K)
 Metaspace       used 125916K, committed 127104K, reserved 983040K
  class space    used 17302K, committed 17856K, reserved 851968K
}
Event: 31.414 GC heap before
{Heap before GC invocations=54 (full 0):
 garbage-first heap   total 274432K, used 214323K [0x0000000700000000, 0x0000000800000000)
  region size 2048K, 32 young (65536K), 5 survivors (10240K)
 Metaspace       used 128068K, committed 129216K, reserved 983040K
  class space    used 17541K, committed 18048K, reserved 851968K
}
Event: 31.428 GC heap after
{Heap after GC invocations=55 (full 0):
 garbage-first heap   total 274432K, used 162449K [0x0000000700000000, 0x0000000800000000)
  region size 2048K, 3 young (6144K), 3 survivors (6144K)
 Metaspace       used 128068K, committed 129216K, reserved 983040K
  class space    used 17541K, committed 18048K, reserved 851968K
}
Event: 31.498 GC heap before
{Heap before GC invocations=55 (full 0):
 garbage-first heap   total 274432K, used 166545K [0x0000000700000000, 0x0000000800000000)
  region size 2048K, 6 young (12288K), 3 survivors (6144K)
 Metaspace       used 128278K, committed 129472K, reserved 983040K
  class space    used 17570K, committed 18112K, reserved 851968K
}
Event: 31.506 GC heap after
{Heap after GC invocations=56 (full 0):
 garbage-first heap   total 274432K, used 162276K [0x0000000700000000, 0x0000000800000000)
  region size 2048K, 1 young (2048K), 1 survivors (2048K)
 Metaspace       used 128278K, committed 129472K, reserved 983040K
  class space    used 17570K, committed 18112K, reserved 851968K
}
Event: 32.352 GC heap before
{Heap before GC invocations=56 (full 0):
 garbage-first heap   total 274432K, used 225764K [0x0000000700000000, 0x0000000800000000)
  region size 2048K, 31 young (63488K), 1 survivors (2048K)
 Metaspace       used 131115K, committed 132224K, reserved 983040K
  class space    used 17955K, committed 18496K, reserved 851968K
}
Event: 32.362 GC heap after
{Heap after GC invocations=57 (full 0):
 garbage-first heap   total 274432K, used 178531K [0x0000000700000000, 0x0000000800000000)
  region size 2048K, 4 young (8192K), 4 survivors (8192K)
 Metaspace       used 131115K, committed 132224K, reserved 983040K
  class space    used 17955K, committed 18496K, reserved 851968K
}

