# JRE version: OpenJDK Runtime Environment Temurin-17.0.15+6 (17.0.15+6) (build 17.0.15+6)
# Java VM: OpenJDK 64-Bit Server VM Temurin-17.0.15+6 (17.0.15+6, mixed mode, sharing, tiered, compressed oops, compressed class ptrs, g1 gc, windows-amd64)
GC Precious Log:
 CPUs: 8 total, 8 available
 Memory: 16228M
 Large Page Support: Disabled
 NUMA Support: Disabled
 Compressed Oops: Enabled (Zero based)
 Heap Region Size: 4M
 Heap Min Capacity: 8M
 Heap Initial Capacity: 256M
 Heap Max Capacity: 8G
 Pre-touch: Disabled
 Parallel Workers: 8
 Concurrent Workers: 2
 Concurrent Refinement Workers: 8
 Periodic GC: Disabled
Heap:
 garbage-first heap   total 503808K, used 165980K [0x0000000600000000, 0x0000000800000000)
  region size 4096K, 4 young (16384K), 4 survivors (16384K)
 Metaspace       used 135280K, committed 136192K, reserved 1179648K
  class space    used 17558K, committed 17984K, reserved 1048576K
GC Heap History (20 events):
Event: 19.290 GC heap after
{Heap after GC invocations=48 (full 0):
 garbage-first heap   total 221184K, used 104323K [0x0000000600000000, 0x0000000800000000)
  region size 4096K, 1 young (4096K), 1 survivors (4096K)
 Metaspace       used 121850K, committed 122688K, reserved 1179648K
  class space    used 15904K, committed 16256K, reserved 1048576K
}
Event: 19.554 GC heap before
{Heap before GC invocations=48 (full 0):
 garbage-first heap   total 221184K, used 169859K [0x0000000600000000, 0x0000000800000000)
  region size 4096K, 17 young (69632K), 1 survivors (4096K)
 Metaspace       used 122015K, committed 122816K, reserved 1179648K
  class space    used 15905K, committed 16256K, reserved 1048576K
}
Event: 19.564 GC heap after
{Heap after GC invocations=49 (full 0):
 garbage-first heap   total 221184K, used 116111K [0x0000000600000000, 0x0000000800000000)
  region size 4096K, 3 young (12288K), 3 survivors (12288K)
 Metaspace       used 122015K, committed 122816K, reserved 1179648K
  class space    used 15905K, committed 16256K, reserved 1048576K
}
Event: 20.276 GC heap before
{Heap before GC invocations=50 (full 0):
 garbage-first heap   total 225280K, used 173455K [0x0000000600000000, 0x0000000800000000)
  region size 4096K, 17 young (69632K), 3 survivors (12288K)
 Metaspace       used 122884K, committed 123648K, reserved 1179648K
  class space    used 15956K, committed 16320K, reserved 1048576K
}
Event: 20.292 GC heap after
{Heap after GC invocations=51 (full 0):
 garbage-first heap   total 225280K, used 124629K [0x0000000600000000, 0x0000000800000000)
  region size 4096K, 3 young (12288K), 3 survivors (12288K)
 Metaspace       used 122884K, committed 123648K, reserved 1179648K
  class space    used 15956K, committed 16320K, reserved 1048576K
}
Event: 20.363 GC heap before
{Heap before GC invocations=51 (full 0):
 garbage-first heap   total 225280K, used 128725K [0x0000000600000000, 0x0000000800000000)
  region size 4096K, 4 young (16384K), 3 survivors (12288K)
 Metaspace       used 122967K, committed 123712K, reserved 1179648K
  class space    used 15959K, committed 16320K, reserved 1048576K
}
Event: 20.370 GC heap after
{Heap after GC invocations=52 (full 0):
 garbage-first heap   total 225280K, used 123483K [0x0000000600000000, 0x0000000800000000)
  region size 4096K, 1 young (4096K), 1 survivors (4096K)
 Metaspace       used 122967K, committed 123712K, reserved 1179648K
  class space    used 15959K, committed 16320K, reserved 1048576K
}
Event: 21.433 GC heap before
{Heap before GC invocations=52 (full 0):
 garbage-first heap   total 225280K, used 176731K [0x0000000600000000, 0x0000000800000000)
  region size 4096K, 14 young (57344K), 1 survivors (4096K)
 Metaspace       used 126185K, committed 126976K, reserved 1179648K
  class space    used 16345K, committed 16704K, reserved 1048576K
}
Event: 21.439 GC heap after
{Heap after GC invocations=53 (full 0):
 garbage-first heap   total 503808K, used 118519K [0x0000000600000000, 0x0000000800000000)
  region size 4096K, 2 young (8192K), 2 survivors (8192K)
 Metaspace       used 126185K, committed 126976K, reserved 1179648K
  class space    used 16345K, committed 16704K, reserved 1048576K
}
Event: 32.211 GC heap before
{Heap before GC invocations=54 (full 0):
 garbage-first heap   total 438272K, used 343799K [0x0000000600000000, 0x0000000800000000)
  region size 4096K, 57 young (233472K), 2 survivors (8192K)
 Metaspace       used 134933K, committed 135872K, reserved 1179648K
  class space    used 17551K, committed 17984K, reserved 1048576K
}
Event: 32.229 GC heap after
{Heap after GC invocations=55 (full 0):
 garbage-first heap   total 438272K, used 134820K [0x0000000600000000, 0x0000000800000000)
  region size 4096K, 6 young (24576K), 6 survivors (24576K)
 Metaspace       used 134933K, committed 135872K, reserved 1179648K
  class space    used 17551K, committed 17984K, reserved 1048576K
}
Event: 32.245 GC heap before
{Heap before GC invocations=55 (full 0):
 garbage-first heap   total 438272K, used 138916K [0x0000000600000000, 0x0000000800000000)
  region size 4096K, 7 young (28672K), 6 survivors (24576K)
 Metaspace       used 134941K, committed 135872K, reserved 1179648K
  class space    used 17552K, committed 17984K, reserved 1048576K
}
Event: 32.258 GC heap after
{Heap after GC invocations=56 (full 0):
 garbage-first heap   total 438272K, used 136122K [0x0000000600000000, 0x0000000800000000)
  region size 4096K, 1 young (4096K), 1 survivors (4096K)
 Metaspace       used 134941K, committed 135872K, reserved 1179648K
  class space    used 17552K, committed 17984K, reserved 1048576K
}
Event: 32.923 GC heap before
{Heap before GC invocations=56 (full 0):
 garbage-first heap   total 438272K, used 324538K [0x0000000600000000, 0x0000000800000000)
  region size 4096K, 47 young (192512K), 1 survivors (4096K)
 Metaspace       used 135120K, committed 136064K, reserved 1179648K
  class space    used 17554K, committed 17984K, reserved 1048576K
}
Event: 32.940 GC heap after
{Heap after GC invocations=57 (full 0):
 garbage-first heap   total 438272K, used 153029K [0x0000000600000000, 0x0000000800000000)
  region size 4096K, 5 young (20480K), 5 survivors (20480K)
 Metaspace       used 135120K, committed 136064K, reserved 1179648K
  class space    used 17554K, committed 17984K, reserved 1048576K
}
Event: 33.541 GC heap before
{Heap before GC invocations=57 (full 0):
 garbage-first heap   total 438272K, used 329157K [0x0000000600000000, 0x0000000800000000)
  region size 4096K, 48 young (196608K), 5 survivors (20480K)
 Metaspace       used 135222K, committed 136128K, reserved 1179648K
  class space    used 17556K, committed 17984K, reserved 1048576K
}
Event: 33.558 GC heap after
{Heap after GC invocations=58 (full 0):
 garbage-first heap   total 438272K, used 155847K [0x0000000600000000, 0x0000000800000000)
  region size 4096K, 1 young (4096K), 1 survivors (4096K)
 Metaspace       used 135222K, committed 136128K, reserved 1179648K
  class space    used 17556K, committed 17984K, reserved 1048576K
}
Event: 34.108 GC heap before
{Heap before GC invocations=58 (full 0):
 garbage-first heap   total 438272K, used 340167K [0x0000000600000000, 0x0000000800000000)
  region size 4096K, 46 young (188416K), 1 survivors (4096K)
 Metaspace       used 135269K, committed 136192K, reserved 1179648K
  class space    used 17558K, committed 17984K, reserved 1048576K
}
Event: 34.117 GC heap after
{Heap after GC invocations=59 (full 0):
 garbage-first heap   total 438272K, used 161924K [0x0000000600000000, 0x0000000800000000)
  region size 4096K, 3 young (12288K), 3 survivors (12288K)
 Metaspace       used 135269K, committed 136192K, reserved 1179648K
  class space    used 17558K, committed 17984K, reserved 1048576K
}
Event: 34.441 GC heap before
{Heap before GC invocations=59 (full 0):
 garbage-first heap   total 438272K, used 342148K [0x0000000600000000, 0x0000000800000000)
  region size 4096K, 48 young (196608K), 3 survivors (12288K)
 Metaspace       used 135280K, committed 136192K, reserved 1179648K
  class space    used 17558K, committed 17984K, reserved 1048576K
}

