# JRE version: OpenJDK Runtime Environment (21.0.5) (build 21.0.5+-13047016-b750.29)
# Java VM: OpenJDK 64-Bit Server VM (21.0.5+-13047016-b750.29, mixed mode, tiered, compressed oops, compressed class ptrs, g1 gc, windows-amd64)
GC Precious Log:
 CardTable entry size: 512
 Card Set container configuration: InlinePtr #cards 4 size 8 Array Of Cards #cards 32 size 80 Howl #buckets 8 coarsen threshold 7372 Howl Bitmap #cards 1024 size 144 coarsen threshold 921 Card regions per heap region 1 cards per card region 8192
 CPUs: 8 total, 8 available
 Memory: 16228M
 Large Page Support: Disabled
 NUMA Support: Disabled
 Compressed Oops: Enabled (Zero based)
 Heap Region Size: 4M
 Heap Min Capacity: 8M
 Heap Initial Capacity: 256M
 Heap Max Capacity: 8G
 Pre-touch: Disabled
 Parallel Workers: 8
 Concurrent Workers: 2
 Concurrent Refinement Workers: 8
 Periodic GC: Disabled
Heap:
 garbage-first heap   total 843776K, used 278937K [0x0000000600000000, 0x0000000800000000)
  region size 4096K, 3 young (12288K), 3 survivors (12288K)
 Metaspace       used 174302K, committed 176896K, reserved 1245184K
  class space    used 21845K, committed 23168K, reserved 1048576K
GC Heap History (20 events):
Event: 86.296 GC heap after
{Heap after GC invocations=131 (full 0):
 garbage-first heap   total 643072K, used 212609K [0x0000000600000000, 0x0000000800000000)
  region size 4096K, 8 young (32768K), 8 survivors (32768K)
 Metaspace       used 168417K, committed 170880K, reserved 1245184K
  class space    used 21081K, committed 22336K, reserved 1048576K
}
Event: 86.524 GC heap before
{Heap before GC invocations=131 (full 0):
 garbage-first heap   total 643072K, used 564865K [0x0000000600000000, 0x0000000800000000)
  region size 4096K, 94 young (385024K), 8 survivors (32768K)
 Metaspace       used 168421K, committed 170880K, reserved 1245184K
  class space    used 21082K, committed 22336K, reserved 1048576K
}
Event: 86.542 GC heap after
{Heap after GC invocations=132 (full 0):
 garbage-first heap   total 843776K, used 214830K [0x0000000600000000, 0x0000000800000000)
  region size 4096K, 7 young (28672K), 7 survivors (28672K)
 Metaspace       used 168421K, committed 170880K, reserved 1245184K
  class space    used 21082K, committed 22336K, reserved 1048576K
}
Event: 86.941 GC heap before
{Heap before GC invocations=132 (full 0):
 garbage-first heap   total 843776K, used 689966K [0x0000000600000000, 0x0000000800000000)
  region size 4096K, 123 young (503808K), 7 survivors (28672K)
 Metaspace       used 168422K, committed 170880K, reserved 1245184K
  class space    used 21082K, committed 22336K, reserved 1048576K
}
Event: 86.960 GC heap after
{Heap after GC invocations=133 (full 0):
 garbage-first heap   total 843776K, used 220075K [0x0000000600000000, 0x0000000800000000)
  region size 4096K, 9 young (36864K), 9 survivors (36864K)
 Metaspace       used 168422K, committed 170880K, reserved 1245184K
  class space    used 21082K, committed 22336K, reserved 1048576K
}
Event: 88.630 GC heap before
{Heap before GC invocations=133 (full 0):
 garbage-first heap   total 843776K, used 682923K [0x0000000600000000, 0x0000000800000000)
  region size 4096K, 123 young (503808K), 9 survivors (36864K)
 Metaspace       used 168427K, committed 170880K, reserved 1245184K
  class space    used 21082K, committed 22336K, reserved 1048576K
}
Event: 88.637 GC heap after
{Heap after GC invocations=134 (full 0):
 garbage-first heap   total 843776K, used 197620K [0x0000000600000000, 0x0000000800000000)
  region size 4096K, 3 young (12288K), 3 survivors (12288K)
 Metaspace       used 168427K, committed 170880K, reserved 1245184K
  class space    used 21082K, committed 22336K, reserved 1048576K
}
Event: 95.032 GC heap before
{Heap before GC invocations=134 (full 0):
 garbage-first heap   total 843776K, used 689140K [0x0000000600000000, 0x0000000800000000)
  region size 4096K, 123 young (503808K), 3 survivors (12288K)
 Metaspace       used 168437K, committed 170944K, reserved 1245184K
  class space    used 21083K, committed 22336K, reserved 1048576K
}
Event: 95.041 GC heap after
{Heap after GC invocations=135 (full 0):
 garbage-first heap   total 843776K, used 203140K [0x0000000600000000, 0x0000000800000000)
  region size 4096K, 5 young (20480K), 5 survivors (20480K)
 Metaspace       used 168437K, committed 170944K, reserved 1245184K
  class space    used 21083K, committed 22336K, reserved 1048576K
}
Event: 95.510 GC heap before
{Heap before GC invocations=135 (full 0):
 garbage-first heap   total 843776K, used 686468K [0x0000000600000000, 0x0000000800000000)
  region size 4096K, 123 young (503808K), 5 survivors (20480K)
 Metaspace       used 168438K, committed 170944K, reserved 1245184K
  class space    used 21083K, committed 22336K, reserved 1048576K
}
Event: 95.521 GC heap after
{Heap after GC invocations=136 (full 0):
 garbage-first heap   total 843776K, used 210034K [0x0000000600000000, 0x0000000800000000)
  region size 4096K, 6 young (24576K), 6 survivors (24576K)
 Metaspace       used 168438K, committed 170944K, reserved 1245184K
  class space    used 21083K, committed 22336K, reserved 1048576K
}
Event: 119.242 GC heap before
{Heap before GC invocations=136 (full 0):
 garbage-first heap   total 843776K, used 685170K [0x0000000600000000, 0x0000000800000000)
  region size 4096K, 123 young (503808K), 6 survivors (24576K)
 Metaspace       used 173966K, committed 176640K, reserved 1245184K
  class space    used 21839K, committed 23168K, reserved 1048576K
}
Event: 119.266 GC heap after
{Heap after GC invocations=137 (full 0):
 garbage-first heap   total 843776K, used 224019K [0x0000000600000000, 0x0000000800000000)
  region size 4096K, 12 young (49152K), 12 survivors (49152K)
 Metaspace       used 173966K, committed 176640K, reserved 1245184K
  class space    used 21839K, committed 23168K, reserved 1048576K
}
Event: 122.646 GC heap before
{Heap before GC invocations=137 (full 0):
 garbage-first heap   total 843776K, used 674579K [0x0000000600000000, 0x0000000800000000)
  region size 4096K, 123 young (503808K), 12 survivors (49152K)
 Metaspace       used 174094K, committed 176704K, reserved 1245184K
  class space    used 21841K, committed 23168K, reserved 1048576K
}
Event: 122.671 GC heap after
{Heap after GC invocations=138 (full 0):
 garbage-first heap   total 843776K, used 234735K [0x0000000600000000, 0x0000000800000000)
  region size 4096K, 10 young (40960K), 10 survivors (40960K)
 Metaspace       used 174094K, committed 176704K, reserved 1245184K
  class space    used 21841K, committed 23168K, reserved 1048576K
}
Event: 128.216 GC heap before
{Heap before GC invocations=138 (full 0):
 garbage-first heap   total 843776K, used 693487K [0x0000000600000000, 0x0000000800000000)
  region size 4096K, 123 young (503808K), 10 survivors (40960K)
 Metaspace       used 174264K, committed 176832K, reserved 1245184K
  class space    used 21844K, committed 23168K, reserved 1048576K
}
Event: 128.263 GC heap after
{Heap after GC invocations=139 (full 0):
 garbage-first heap   total 843776K, used 267405K [0x0000000600000000, 0x0000000800000000)
  region size 4096K, 16 young (65536K), 16 survivors (65536K)
 Metaspace       used 174264K, committed 176832K, reserved 1245184K
  class space    used 21844K, committed 23168K, reserved 1048576K
}
Event: 129.336 GC heap before
{Heap before GC invocations=139 (full 0):
 garbage-first heap   total 843776K, used 705677K [0x0000000600000000, 0x0000000800000000)
  region size 4096K, 124 young (507904K), 16 survivors (65536K)
 Metaspace       used 174292K, committed 176896K, reserved 1245184K
  class space    used 21845K, committed 23168K, reserved 1048576K
}
Event: 129.369 GC heap after
{Heap after GC invocations=140 (full 0):
 garbage-first heap   total 843776K, used 272275K [0x0000000600000000, 0x0000000800000000)
  region size 4096K, 10 young (40960K), 10 survivors (40960K)
 Metaspace       used 174292K, committed 176896K, reserved 1245184K
  class space    used 21845K, committed 23168K, reserved 1048576K
}
Event: 130.269 GC heap before
{Heap before GC invocations=140 (full 0):
 garbage-first heap   total 843776K, used 731027K [0x0000000600000000, 0x0000000800000000)
  region size 4096K, 123 young (503808K), 10 survivors (40960K)
 Metaspace       used 174302K, committed 176896K, reserved 1245184K
  class space    used 21845K, committed 23168K, reserved 1048576K
}

